IM&RTC/RTC/UGC/Demo/9.4.10921/app/build/intermediates/manifest_merge_blame_file/release/manifest-merger-blame-release-report.txt
1<?xml version="1.0" encoding="utf-8"?>
2<manifest xmlns:android="http://schemas.android.com/apk/res/android"
3    package="com.tencent.qcloud.xiaoshipin"
4    android:versionCode="1"
5    android:versionName="v1.0" >
6
7    <uses-sdk
8        android:minSdkVersion="16"
8-->src\main\AndroidManifest.xml
9        android:targetSdkVersion="26" />
9-->src\main\AndroidManifest.xml
10
11    <uses-permission android:name="android.permission.INTERNET" />
11-->src\main\AndroidManifest.xml:6:5-67
11-->src\main\AndroidManifest.xml:6:22-64
12    <uses-permission android:name="android.permission.ACCESS_NETWORK_STATE" />
12-->src\main\AndroidManifest.xml:7:5-79
12-->src\main\AndroidManifest.xml:7:22-76
13    <uses-permission android:name="android.permission.ACCESS_WIFI_STATE" />
13-->src\main\AndroidManifest.xml:8:5-76
13-->src\main\AndroidManifest.xml:8:22-73
14    <uses-permission android:name="android.permission.READ_PHONE_STATE" />
14-->src\main\AndroidManifest.xml:9:5-75
14-->src\main\AndroidManifest.xml:9:22-72
15    <uses-permission android:name="android.permission.CALL_PHONE" />
15-->src\main\AndroidManifest.xml:10:5-69
15-->src\main\AndroidManifest.xml:10:22-66
16    <uses-permission android:name="android.permission.WRITE_EXTERNAL_STORAGE" />
16-->src\main\AndroidManifest.xml:11:5-81
16-->src\main\AndroidManifest.xml:11:22-78
17    <uses-permission android:name="android.permission.READ_EXTERNAL_STORAGE" />
17-->src\main\AndroidManifest.xml:12:5-80
17-->src\main\AndroidManifest.xml:12:22-77
18    <uses-permission android:name="android.permission.RECORD_AUDIO" />
18-->src\main\AndroidManifest.xml:13:5-71
18-->src\main\AndroidManifest.xml:13:22-68
19    <uses-permission android:name="android.permission.CAMERA" />
19-->src\main\AndroidManifest.xml:14:5-65
19-->src\main\AndroidManifest.xml:14:22-62
20    <uses-permission android:name="android.permission.READ_CONTACTS" />
20-->src\main\AndroidManifest.xml:15:5-72
20-->src\main\AndroidManifest.xml:15:22-69
21
22    <uses-feature android:name="android.hardware.camera" />
22-->src\main\AndroidManifest.xml:17:5-60
22-->src\main\AndroidManifest.xml:17:19-57
23    <uses-feature android:name="android.hardware.camera.autofocus" />
23-->src\main\AndroidManifest.xml:18:5-70
23-->src\main\AndroidManifest.xml:18:19-67
24
25    <uses-permission android:name="android.permission.ACCESS_COARSE_LOCATION" />
25-->src\main\AndroidManifest.xml:20:5-81
25-->src\main\AndroidManifest.xml:20:22-78
26    <uses-permission android:name="android.permission.ACCESS_FINE_LOCATION" />
26-->src\main\AndroidManifest.xml:21:5-79
26-->src\main\AndroidManifest.xml:21:22-76
27    <!-- IMSDK 权限 -->
28    <uses-permission android:name="android.permission.CHANGE_NETWORK_STATE" />
28-->src\main\AndroidManifest.xml:23:5-79
28-->src\main\AndroidManifest.xml:23:22-76
29    <uses-permission android:name="android.permission.GET_TASKS" />
29-->src\main\AndroidManifest.xml:24:5-68
29-->src\main\AndroidManifest.xml:24:22-65
30    <uses-permission android:name="android.permission.MODIFY_AUDIO_SETTINGS" />
30-->src\main\AndroidManifest.xml:25:5-80
30-->src\main\AndroidManifest.xml:25:22-77
31    <uses-permission android:name="android.permission.RECEIVE_BOOT_COMPLETED" />
31-->src\main\AndroidManifest.xml:26:5-81
31-->src\main\AndroidManifest.xml:26:22-78
32    <uses-permission android:name="android.permission.VIBRATE" />
32-->src\main\AndroidManifest.xml:27:5-66
32-->src\main\AndroidManifest.xml:27:22-63
33    <uses-permission android:name="android.permission.WAKE_LOCK" />
33-->src\main\AndroidManifest.xml:28:5-68
33-->src\main\AndroidManifest.xml:28:22-65
34    <uses-permission android:name="android.permission.SYSTEM_ALERT_WINDOW" />
34-->src\main\AndroidManifest.xml:29:5-78
34-->src\main\AndroidManifest.xml:29:22-75
35    <uses-permission android:name="android.permission.GET_ACCOUNTS" />
35-->src\main\AndroidManifest.xml:30:5-71
35-->src\main\AndroidManifest.xml:30:22-68
36    <uses-permission android:name="android.permission.USE_CREDENTIALS" />
36-->src\main\AndroidManifest.xml:31:5-74
36-->src\main\AndroidManifest.xml:31:22-71
37    <uses-permission android:name="android.permission.MANAGE_ACCOUNTS" />
37-->src\main\AndroidManifest.xml:32:5-74
37-->src\main\AndroidManifest.xml:32:22-71
38    <uses-permission android:name="android.permission.BLUETOOTH" />
38-->src\main\AndroidManifest.xml:33:5-68
38-->src\main\AndroidManifest.xml:33:22-65
39
40    <!-- Bugly -->
41    <uses-permission android:name="android.permission.READ_LOGS" />
41-->src\main\AndroidManifest.xml:36:5-68
41-->src\main\AndroidManifest.xml:36:22-65
42    <uses-permission android:name="android.permission.REQUEST_INSTALL_PACKAGES" />
42-->[com.tencent.bugly:crashreport_upgrade:1.5.1] AndroidManifest.xml:14:5-83
42-->[com.tencent.bugly:crashreport_upgrade:1.5.1] AndroidManifest.xml:14:22-80
43    <uses-permission android:name="android.permission.BLUETOOTH_CONNECT" />
43-->[com.tencent.liteav:LiteAVSDK_Professional:9.4.10921] AndroidManifest.xml:28:5-76
43-->[com.tencent.liteav:LiteAVSDK_Professional:9.4.10921] AndroidManifest.xml:28:22-73
44
45    <application
45-->src\main\AndroidManifest.xml:37:5-208:19
46        android:name="com.tencent.qcloud.xiaoshipin.TCApplication"
46-->src\main\AndroidManifest.xml:38:9-67
47        android:allowBackup="true"
47-->src\main\AndroidManifest.xml:39:9-35
48        android:appComponentFactory="androidx.core.app.CoreComponentFactory"
48-->[androidx.core:core:1.0.0] AndroidManifest.xml:22:18-86
49        android:icon="@mipmap/ic_launcher"
49-->src\main\AndroidManifest.xml:40:9-43
50        android:label="@string/app_name"
50-->src\main\AndroidManifest.xml:41:9-41
51        android:largeHeap="true"
51-->src\main\AndroidManifest.xml:42:9-33
52        android:supportsRtl="true"
52-->[com.tencent.liteav:LiteAVSDK_Professional:9.4.10921] AndroidManifest.xml:32:9-35
53        android:theme="@style/AppTheme"
53-->src\main\AndroidManifest.xml:43:9-40
54        android:usesCleartextTraffic="true" >
54-->[com.tencent.liteav:LiteAVSDK_Professional:9.4.10921] AndroidManifest.xml:33:9-44
55        <activity
55-->src\main\AndroidManifest.xml:46:9-54:20
56            android:name="com.tencent.qcloud.xiaoshipin.play.TCVideoPreviewActivity"
56-->src\main\AndroidManifest.xml:47:13-56
57            android:screenOrientation="portrait" >
57-->src\main\AndroidManifest.xml:48:13-49
58            <intent-filter>
58-->src\main\AndroidManifest.xml:49:13-53:29
59                <action android:name="com.tencent.liteav.demo.videopreview" />
59-->src\main\AndroidManifest.xml:50:17-79
59-->src\main\AndroidManifest.xml:50:25-76
60                <action android:name="android.intent.action.MAIN" />
60-->src\main\AndroidManifest.xml:51:17-69
60-->src\main\AndroidManifest.xml:51:25-66
61
62                <category android:name="android.intent.category.DEFAULT" />
62-->src\main\AndroidManifest.xml:52:17-76
62-->src\main\AndroidManifest.xml:52:27-73
63            </intent-filter>
64        </activity>
65        <activity
65-->src\main\AndroidManifest.xml:56:9-65:20
66            android:name="com.tencent.qcloud.xiaoshipin.mainui.TCSplashActivity"
66-->src\main\AndroidManifest.xml:57:13-81
67            android:launchMode="singleTop"
67-->src\main\AndroidManifest.xml:58:13-43
68            android:screenOrientation="portrait"
68-->src\main\AndroidManifest.xml:59:13-49
69            android:theme="@style/SplashTheme" >
69-->src\main\AndroidManifest.xml:60:13-47
70            <intent-filter>
70-->src\main\AndroidManifest.xml:61:13-64:29
71                <action android:name="android.intent.action.MAIN" />
71-->src\main\AndroidManifest.xml:51:17-69
71-->src\main\AndroidManifest.xml:51:25-66
72
73                <category android:name="android.intent.category.LAUNCHER" />
73-->src\main\AndroidManifest.xml:63:17-77
73-->src\main\AndroidManifest.xml:63:27-74
74            </intent-filter>
75        </activity>
76
77        <!-- 消息收发service -->
78        <service
78-->src\main\AndroidManifest.xml:68:9-71:45
79            android:name="com.tencent.qalsdk.service.QalService"
79-->src\main\AndroidManifest.xml:69:13-65
80            android:exported="false"
80-->src\main\AndroidManifest.xml:70:13-37
81            android:process=":QALSERVICE" />
81-->src\main\AndroidManifest.xml:71:13-42
82        <!-- 消息收发辅助service -->
83        <service
83-->src\main\AndroidManifest.xml:73:9-76:45
84            android:name="com.tencent.qalsdk.service.QalAssistService"
84-->src\main\AndroidManifest.xml:74:13-71
85            android:exported="false"
85-->src\main\AndroidManifest.xml:75:13-37
86            android:process=":QALSERVICE" />
86-->src\main\AndroidManifest.xml:76:13-42
87        <!-- 离线消息广播接收器 -->
88        <receiver
88-->src\main\AndroidManifest.xml:78:9-84:20
89            android:name="com.tencent.qalsdk.QALBroadcastReceiver"
89-->src\main\AndroidManifest.xml:79:13-67
90            android:exported="false" >
90-->src\main\AndroidManifest.xml:80:13-37
91            <intent-filter>
91-->src\main\AndroidManifest.xml:81:13-83:29
92                <action android:name="com.tencent.qalsdk.broadcast.qal" />
92-->src\main\AndroidManifest.xml:82:17-75
92-->src\main\AndroidManifest.xml:82:25-72
93            </intent-filter>
94        </receiver>
95        <!-- 系统消息广播接收器 -->
96        <receiver
96-->src\main\AndroidManifest.xml:86:9-101:20
97            android:name="com.tencent.qalsdk.core.NetConnInfoCenter"
97-->src\main\AndroidManifest.xml:87:13-69
98            android:process=":QALSERVICE" >
98-->src\main\AndroidManifest.xml:88:13-42
99            <intent-filter>
99-->src\main\AndroidManifest.xml:89:13-91:29
100                <action android:name="android.intent.action.BOOT_COMPLETED" />
100-->src\main\AndroidManifest.xml:90:17-79
100-->src\main\AndroidManifest.xml:90:25-76
101            </intent-filter>
102            <intent-filter>
102-->src\main\AndroidManifest.xml:92:13-94:29
103                <action android:name="android.net.conn.CONNECTIVITY_CHANGE" />
103-->src\main\AndroidManifest.xml:93:17-79
103-->src\main\AndroidManifest.xml:93:25-76
104            </intent-filter>
105            <intent-filter>
105-->src\main\AndroidManifest.xml:95:13-97:29
106                <action android:name="android.intent.action.TIME_SET" />
106-->src\main\AndroidManifest.xml:96:17-73
106-->src\main\AndroidManifest.xml:96:25-70
107            </intent-filter>
108            <intent-filter>
108-->src\main\AndroidManifest.xml:98:13-100:29
109                <action android:name="android.intent.action.TIMEZONE_CHANGED" />
109-->src\main\AndroidManifest.xml:99:17-81
109-->src\main\AndroidManifest.xml:99:25-78
110            </intent-filter>
111        </receiver>
112
113        <activity
113-->src\main\AndroidManifest.xml:103:9-106:49
114            android:name="com.tencent.qcloud.xiaoshipin.login.TCLoginActivity"
114-->src\main\AndroidManifest.xml:104:13-79
115            android:screenOrientation="portrait"
115-->src\main\AndroidManifest.xml:105:13-49
116            android:theme="@style/LoginTheme" />
116-->src\main\AndroidManifest.xml:106:13-46
117        <activity
117-->src\main\AndroidManifest.xml:107:9-110:52
118            android:name="com.tencent.qcloud.xiaoshipin.login.TCRegisterActivity"
118-->src\main\AndroidManifest.xml:108:13-82
119            android:screenOrientation="portrait"
119-->src\main\AndroidManifest.xml:109:13-49
120            android:theme="@style/RegisterTheme" />
120-->src\main\AndroidManifest.xml:110:13-49
121        <activity
121-->src\main\AndroidManifest.xml:111:9-114:52
122            android:name="com.tencent.qcloud.xiaoshipin.mainui.TCMainActivity"
122-->src\main\AndroidManifest.xml:112:13-79
123            android:launchMode="singleTask"
123-->src\main\AndroidManifest.xml:113:13-44
124            android:screenOrientation="portrait" />
124-->src\main\AndroidManifest.xml:114:13-49
125        <activity
125-->src\main\AndroidManifest.xml:116:9-119:59
126            android:name="com.tencent.qcloud.xiaoshipin.play.TCVodPlayerActivity"
126-->src\main\AndroidManifest.xml:117:13-82
127            android:screenOrientation="portrait"
127-->src\main\AndroidManifest.xml:118:13-49
128            android:windowSoftInputMode="adjustNothing" />
128-->src\main\AndroidManifest.xml:119:13-56
129        <activity
129-->src\main\AndroidManifest.xml:120:9-125:59
130            android:name="com.tencent.qcloud.xiaoshipin.videorecord.TCVideoRecordActivity"
130-->src\main\AndroidManifest.xml:121:13-91
131            android:launchMode="singleTop"
131-->src\main\AndroidManifest.xml:122:13-43
132            android:screenOrientation="portrait"
132-->src\main\AndroidManifest.xml:123:13-49
133            android:theme="@style/RecordActivityTheme"
133-->src\main\AndroidManifest.xml:124:13-55
134            android:windowSoftInputMode="adjustNothing" />
134-->src\main\AndroidManifest.xml:125:13-56
135        <activity
135-->src\main\AndroidManifest.xml:126:9-131:59
136            android:name="com.tencent.qcloud.xiaoshipin.videorecord.TCVideoFollowRecordActivity"
136-->src\main\AndroidManifest.xml:127:13-97
137            android:launchMode="singleTop"
137-->src\main\AndroidManifest.xml:128:13-43
138            android:screenOrientation="portrait"
138-->src\main\AndroidManifest.xml:129:13-49
139            android:theme="@style/MixRecordActivityTheme"
139-->src\main\AndroidManifest.xml:130:13-58
140            android:windowSoftInputMode="adjustNothing" />
140-->src\main\AndroidManifest.xml:131:13-56
141        <activity
141-->src\main\AndroidManifest.xml:132:9-137:59
142            android:name="com.tencent.qcloud.xiaoshipin.videorecord.TCVideoTripleScreenActivity"
142-->src\main\AndroidManifest.xml:133:13-97
143            android:launchMode="singleTop"
143-->src\main\AndroidManifest.xml:134:13-43
144            android:screenOrientation="portrait"
144-->src\main\AndroidManifest.xml:135:13-49
145            android:theme="@style/MixRecordActivityTheme"
145-->src\main\AndroidManifest.xml:136:13-58
146            android:windowSoftInputMode="adjustNothing" />
146-->src\main\AndroidManifest.xml:137:13-56
147        <activity
147-->src\main\AndroidManifest.xml:138:9-141:59
148            android:name="com.tencent.qcloud.xiaoshipin.videopublish.TCVideoPublisherActivity"
148-->src\main\AndroidManifest.xml:139:13-95
149            android:screenOrientation="portrait"
149-->src\main\AndroidManifest.xml:140:13-49
150            android:windowSoftInputMode="adjustNothing" />
150-->src\main\AndroidManifest.xml:141:13-56
151        <activity
151-->src\main\AndroidManifest.xml:142:9-144:64
152            android:name="com.tencent.rtmp.video.TXScreenCapture$TXScreenCaptureAssistantActivity"
152-->src\main\AndroidManifest.xml:143:13-99
153            android:theme="@android:style/Theme.Translucent" />
153-->src\main\AndroidManifest.xml:144:13-61
154        <activity
154-->src\main\AndroidManifest.xml:145:9-149:75
155            android:name="com.umeng.qq.tencent.AssistActivity"
155-->src\main\AndroidManifest.xml:146:13-63
156            android:configChanges="orientation|keyboardHidden|screenSize"
156-->src\main\AndroidManifest.xml:147:13-74
157            android:screenOrientation="portrait"
157-->src\main\AndroidManifest.xml:148:13-49
158            android:theme="@android:style/Theme.Translucent.NoTitleBar" />
158-->src\main\AndroidManifest.xml:149:13-72
159        <activity
159-->src\main\AndroidManifest.xml:150:9-153:58
160            android:name="com.tencent.qcloud.xiaoshipin.videochoose.TCPicturePickerActivity"
160-->src\main\AndroidManifest.xml:151:13-93
161            android:screenOrientation="portrait"
161-->src\main\AndroidManifest.xml:152:13-49
162            android:theme="@style/PickerActivityTheme" />
162-->src\main\AndroidManifest.xml:153:13-55
163        <activity
163-->src\main\AndroidManifest.xml:154:9-157:58
164            android:name="com.tencent.qcloud.xiaoshipin.videochoose.TCTripleRecordVideoPickerActivity"
164-->src\main\AndroidManifest.xml:155:13-103
165            android:screenOrientation="portrait"
165-->src\main\AndroidManifest.xml:156:13-49
166            android:theme="@style/PickerActivityTheme" />
166-->src\main\AndroidManifest.xml:157:13-55
167        <activity
167-->src\main\AndroidManifest.xml:158:9-161:58
168            android:name="com.tencent.qcloud.xiaoshipin.videochoose.TCVideoPickerActivity"
168-->src\main\AndroidManifest.xml:159:13-91
169            android:screenOrientation="portrait"
169-->src\main\AndroidManifest.xml:160:13-49
170            android:theme="@style/PickerActivityTheme" />
170-->src\main\AndroidManifest.xml:161:13-55
171        <activity
171-->src\main\AndroidManifest.xml:162:9-166:52
172            android:name="com.tencent.qcloud.xiaoshipin.videojoiner.TCPictureJoinActivity"
172-->src\main\AndroidManifest.xml:163:13-91
173            android:launchMode="singleTop"
173-->src\main\AndroidManifest.xml:164:13-43
174            android:screenOrientation="portrait"
174-->src\main\AndroidManifest.xml:166:13-49
175            android:theme="@style/PictureTransitionActivityStyle" />
175-->src\main\AndroidManifest.xml:165:13-66
176        <activity
176-->src\main\AndroidManifest.xml:167:9-170:58
177            android:name="com.tencent.qcloud.xiaoshipin.videoeditor.TCVideoCutActivity"
177-->src\main\AndroidManifest.xml:168:13-88
178            android:screenOrientation="portrait"
178-->src\main\AndroidManifest.xml:169:13-49
179            android:theme="@style/EditerActivityTheme" />
179-->src\main\AndroidManifest.xml:170:13-55
180        <activity
180-->src\main\AndroidManifest.xml:171:9-175:58
181            android:name="com.tencent.qcloud.xiaoshipin.videoeditor.TCVideoEditerActivity"
181-->src\main\AndroidManifest.xml:172:13-91
182            android:launchMode="singleTask"
182-->src\main\AndroidManifest.xml:173:13-44
183            android:screenOrientation="portrait"
183-->src\main\AndroidManifest.xml:174:13-49
184            android:theme="@style/EditerActivityTheme" />
184-->src\main\AndroidManifest.xml:175:13-55
185        <activity
185-->src\main\AndroidManifest.xml:176:9-179:58
186            android:name="com.tencent.qcloud.xiaoshipin.videoeditor.TCVideoEffectActivity"
186-->src\main\AndroidManifest.xml:177:13-62
187            android:screenOrientation="portrait"
187-->src\main\AndroidManifest.xml:178:13-49
188            android:theme="@style/EditerActivityTheme" />
188-->src\main\AndroidManifest.xml:179:13-55
189        <activity
189-->src\main\AndroidManifest.xml:180:9-183:75
190            android:name="com.tencent.qcloud.xiaoshipin.videojoiner.TCVideoJoinerActivity"
190-->src\main\AndroidManifest.xml:181:13-91
191            android:screenOrientation="portrait"
191-->src\main\AndroidManifest.xml:182:13-49
192            android:theme="@android:style/Theme.Translucent.NoTitleBar" />
192-->src\main\AndroidManifest.xml:183:13-72
193        <activity android:name="com.tencent.qcloud.xiaoshipin.userinfo.TCAboutActivity" />
193-->src\main\AndroidManifest.xml:184:9-91
193-->src\main\AndroidManifest.xml:184:19-88
194
195        <provider
195-->src\main\AndroidManifest.xml:186:9-194:20
196            android:name="androidx.core.content.FileProvider"
196-->src\main\AndroidManifest.xml:187:13-62
197            android:authorities="com.tencent.qcloud.xiaoshipin.fileprovider"
197-->src\main\AndroidManifest.xml:188:13-77
198            android:exported="false"
198-->src\main\AndroidManifest.xml:189:13-37
199            android:grantUriPermissions="true" >
199-->src\main\AndroidManifest.xml:190:13-47
200            <meta-data
200-->src\main\AndroidManifest.xml:191:13-193:53
201                android:name="android.support.FILE_PROVIDER_PATHS"
201-->src\main\AndroidManifest.xml:192:17-67
202                android:resource="@xml/filepaths" />
202-->src\main\AndroidManifest.xml:193:17-50
203        </provider>
204
205        <uses-library
205-->src\main\AndroidManifest.xml:196:9-198:40
206            android:name="com.google.android.maps"
206-->src\main\AndroidManifest.xml:197:13-51
207            android:required="false" />
207-->src\main\AndroidManifest.xml:198:13-37
208        <uses-library android:name="android.test.runner" />
208-->src\main\AndroidManifest.xml:199:9-60
208-->src\main\AndroidManifest.xml:199:23-57
209
210        <activity
210-->src\main\AndroidManifest.xml:201:9-203:52
211            android:name="com.tencent.qcloud.xiaoshipin.mainui.TCSettingActivity"
211-->src\main\AndroidManifest.xml:202:13-82
212            android:screenOrientation="portrait" />
212-->src\main\AndroidManifest.xml:203:13-49
213        <activity
213-->src\main\AndroidManifest.xml:205:9-207:52
214            android:name="com.tencent.qcloud.xiaoshipin.mainui.TCLanguagaSettingActivity"
214-->src\main\AndroidManifest.xml:206:13-90
215            android:screenOrientation="portrait" />
215-->src\main\AndroidManifest.xml:207:13-49
216        <activity
216-->[:ugckit] AndroidManifest.xml:43:9-45:52
217            android:name="com.tencent.qcloud.ugckit.module.effect.bgm.TCMusicActivity"
217-->[:ugckit] AndroidManifest.xml:44:13-87
218            android:screenOrientation="portrait" />
218-->[:ugckit] AndroidManifest.xml:45:13-49
219        <activity android:name="com.tencent.bugly.beta.ui.BetaActiveAlertActivity" /> <!-- Beta Activity -->
219-->[com.tencent.bugly:crashreport_upgrade:1.5.1] AndroidManifest.xml:17:9-86
219-->[com.tencent.bugly:crashreport_upgrade:1.5.1] AndroidManifest.xml:17:19-83
220        <activity
220-->[com.tencent.bugly:crashreport_upgrade:1.5.1] AndroidManifest.xml:19:9-23:56
221            android:name="com.tencent.bugly.beta.ui.BetaActivity"
221-->[com.tencent.bugly:crashreport_upgrade:1.5.1] AndroidManifest.xml:20:13-66
222            android:configChanges="keyboardHidden|orientation|screenSize|locale"
222-->[com.tencent.bugly:crashreport_upgrade:1.5.1] AndroidManifest.xml:21:13-81
223            android:theme="@android:style/Theme.Translucent" /> <!-- Custom FileProvider for 7.x -->
223-->[com.tencent.bugly:crashreport_upgrade:1.5.1] AndroidManifest.xml:22:13-61
224        <provider
224-->[com.tencent.bugly:crashreport_upgrade:1.5.1] AndroidManifest.xml:24:9-34:20
225            android:name="com.tencent.bugly.beta.utils.BuglyFileProvider"
225-->[com.tencent.bugly:crashreport_upgrade:1.5.1] AndroidManifest.xml:25:13-74
226            android:authorities="com.tencent.qcloud.xiaoshipin.fileProvider"
226-->[com.tencent.bugly:crashreport_upgrade:1.5.1] AndroidManifest.xml:26:13-64
227            android:exported="false"
227-->[com.tencent.bugly:crashreport_upgrade:1.5.1] AndroidManifest.xml:27:13-37
228            android:grantUriPermissions="true" >
228-->[com.tencent.bugly:crashreport_upgrade:1.5.1] AndroidManifest.xml:28:13-47
229            <meta-data
229-->src\main\AndroidManifest.xml:191:13-193:53
230                android:name="android.support.FILE_PROVIDER_PATHS"
230-->src\main\AndroidManifest.xml:192:17-67
231                android:resource="@xml/provider_paths" />
231-->src\main\AndroidManifest.xml:193:17-50
232        </provider> <!-- 配置tinker合成结果service -->
233        <service
233-->[com.tencent.bugly:crashreport_upgrade:1.5.1] AndroidManifest.xml:36:9-39:72
234            android:name="com.tencent.bugly.beta.tinker.TinkerResultService"
234-->[com.tencent.bugly:crashreport_upgrade:1.5.1] AndroidManifest.xml:37:13-77
235            android:exported="false"
235-->[com.tencent.bugly:crashreport_upgrade:1.5.1] AndroidManifest.xml:38:13-37
236            android:permission="android.permission.BIND_JOB_SERVICE" />
236-->[com.tencent.bugly:crashreport_upgrade:1.5.1] AndroidManifest.xml:39:13-69
237
238        <activity
238-->[com.tencent.liteav:LiteAVSDK_Professional:9.4.10921] AndroidManifest.xml:34:9-36:86
239            android:name="com.tencent.liteav.video.TXScreenCapture$TXScreenCaptureAssistantActivity"
239-->[com.tencent.liteav:LiteAVSDK_Professional:9.4.10921] AndroidManifest.xml:35:13-101
240            android:theme="@android:style/Theme.Translucent.NoTitleBar.Fullscreen" />
240-->[com.tencent.liteav:LiteAVSDK_Professional:9.4.10921] AndroidManifest.xml:36:13-83
241    </application>
242
243</manifest>